Using pre-set license
Built from '2020.2/release' branch; Version is '2020.2.1f1 (270dd8c3da1c) revision 2559448'; Using compiler version '192528614'; Build Type 'Release'
OS: 'Windows 10  (10.0.0) 64bit' Language: 'ko' Physical Memory: 16233 MB
BatchMode: 1, IsHumanControllingUs: 0, StartBugReporterOnCrash: 0, Is64bit: 1, IsPro: 0

 COMMAND LINE ARGUMENTS:
C:\Program Files\Unity\Hub\Editor\2020.2.1f1\Editor\Unity.exe
-adb2
-batchMode
-noUpm
-name
AssetImportWorker0
-projectPath
D:/souretreee/UnityEngineAfterSchool/KardGame
-logFile
Logs/AssetImportWorker0.log
-srvPort
50112
Successfully changed project path to: D:/souretreee/UnityEngineAfterSchool/KardGame
D:/souretreee/UnityEngineAfterSchool/KardGame
Using Asset Import Pipeline V2.
Refreshing native plugins compatible for Editor in 32.29 ms, found 1 plugins.
Preloading 0 native plugins for Editor in 0.00 ms.
Initialize engine version: 2020.2.1f1 (270dd8c3da1c)
[Subsystems] Discovering subsystems at path C:/Program Files/Unity/Hub/Editor/2020.2.1f1/Editor/Data/Resources/UnitySubsystems
[Subsystems] Discovering subsystems at path D:/souretreee/UnityEngineAfterSchool/KardGame/Assets
GfxDevice: creating device client; threaded=0
Direct3D:
    Version:  Direct3D 11.0 [level 11.1]
    Renderer: NVIDIA GeForce RTX 2060 (ID=0x1f11)
    Vendor:   
    VRAM:     5980 MB
    Driver:   27.21.14.5763
Initialize mono
Mono path[0] = 'C:/Program Files/Unity/Hub/Editor/2020.2.1f1/Editor/Data/Managed'
Mono path[1] = 'C:/Program Files/Unity/Hub/Editor/2020.2.1f1/Editor/Data/MonoBleedingEdge/lib/mono/unityjit'
Mono config path = 'C:/Program Files/Unity/Hub/Editor/2020.2.1f1/Editor/Data/MonoBleedingEdge/etc'
Using monoOptions --debugger-agent=transport=dt_socket,embedding=1,server=y,suspend=n,address=127.0.0.1:56072
Begin MonoManager ReloadAssembly
Registering precompiled unity dll's ...
Register platform support module: C:/Program Files/Unity/Hub/Editor/2020.2.1f1/Editor/Data/PlaybackEngines/WindowsStandaloneSupport/UnityEditor.WindowsStandalone.Extensions.dll
Registered in 0.001779 seconds.
Native extension for WindowsStandalone target not found
Refreshing native plugins compatible for Editor in 31.13 ms, found 1 plugins.
Preloading 0 native plugins for Editor in 0.00 ms.
Invoked RoslynAnalysisRunner static constructor.
RoslynAnalysisRunner will not be running.
RoslynAnalysisRunner has terminated.
Mono: successfully reloaded assembly
- Completed reload, in  1.716 seconds
Platform modules already initialized, skipping
Registering precompiled user dll's ...
Registered in 0.000683 seconds.
Begin MonoManager ReloadAssembly
Native extension for WindowsStandalone target not found
Refreshing native plugins compatible for Editor in 34.18 ms, found 1 plugins.
Preloading 0 native plugins for Editor in 0.00 ms.
Invoked RoslynAnalysisRunner static constructor.
RoslynAnalysisRunner will not be running.
RoslynAnalysisRunner has terminated.
Mono: successfully reloaded assembly
- Completed reload, in  0.874 seconds
Platform modules already initialized, skipping
========================================================================
Worker process is ready to serve import requests
Launched and connected shader compiler UnityShaderCompiler.exe after 0.06 seconds
Refreshing native plugins compatible for Editor in 0.41 ms, found 1 plugins.
Preloading 0 native plugins for Editor in 0.00 ms.
Unloading 1798 Unused Serialized files (Serialized files now loaded: 0)
System memory in use before: 84.0 MB.
System memory in use after: 84.0 MB.

Unloading 24 unused Assets to reduce memory usage. Loaded Objects now: 2239.
Total: 2.988500 ms (FindLiveObjects: 0.523600 ms CreateObjectMapping: 0.170200 ms MarkObjects: 2.137300 ms  DeleteObjects: 0.156000 ms)

========================================================================
Received Import Request.
  path: Assets/01.Scripts/CardDragAndDrop.cs
  artifactKey: Guid(9b12c6437be1bee4a895ba36e7674472) Importer(815301076,1909f56bfc062723c751e8b465ee728b)
Start importing Assets/01.Scripts/CardDragAndDrop.cs using Guid(9b12c6437be1bee4a895ba36e7674472) Importer(815301076,1909f56bfc062723c751e8b465ee728b)  -> (artifact id: 'a141e76742c0883ab0af0f80b60e30ed') in 0.126966 seconds
  Import took 0.130343 seconds .

========================================================================
Received Import Request.
  Time since last request: 3.162424 seconds.
  path: Assets/01.Scripts/Deck.cs
  artifactKey: Guid(d2b3abfa1c27e704bb18540b26b374c7) Importer(815301076,1909f56bfc062723c751e8b465ee728b)
Start importing Assets/01.Scripts/Deck.cs using Guid(d2b3abfa1c27e704bb18540b26b374c7) Importer(815301076,1909f56bfc062723c751e8b465ee728b)  -> (artifact id: '079b045ccedc42ae0f0183c4d6f64ca9') in 0.005194 seconds
  Import took 0.007868 seconds .

========================================================================
Received Import Request.
  Time since last request: 0.369118 seconds.
  path: Assets/01.Scripts/CardPower.cs
  artifactKey: Guid(65ab2cf2d29c5a14c9ece3ff287ba179) Importer(815301076,1909f56bfc062723c751e8b465ee728b)
Start importing Assets/01.Scripts/CardPower.cs using Guid(65ab2cf2d29c5a14c9ece3ff287ba179) Importer(815301076,1909f56bfc062723c751e8b465ee728b)  -> (artifact id: '8e35be2bc6649e64212f045b62a64583') in 0.005146 seconds
  Import took 0.007748 seconds .

========================================================================
Received Import Request.
  Time since last request: 0.004862 seconds.
  path: Assets/01.Scripts/CardPower.cs
  artifactKey: Guid(65ab2cf2d29c5a14c9ece3ff287ba179) Importer(815301076,1909f56bfc062723c751e8b465ee728b)
Start importing Assets/01.Scripts/CardPower.cs using Guid(65ab2cf2d29c5a14c9ece3ff287ba179) Importer(815301076,1909f56bfc062723c751e8b465ee728b)  -> (artifact id: '8e35be2bc6649e64212f045b62a64583') in 0.001860 seconds
  Import took 0.005334 seconds .

========================================================================
Received Import Request.
  Time since last request: 4.328156 seconds.
  path: Assets/01.Scripts/DropArea.cs
  artifactKey: Guid(ae467c3ef0622c24783fa45838ca3ae2) Importer(815301076,1909f56bfc062723c751e8b465ee728b)
Start importing Assets/01.Scripts/DropArea.cs using Guid(ae467c3ef0622c24783fa45838ca3ae2) Importer(815301076,1909f56bfc062723c751e8b465ee728b)  -> (artifact id: '2b8e9f91affc12202baac3f17539635c') in 0.004780 seconds
  Import took 0.007804 seconds .

AssetImportWorkerClient::OnTransportError - code=2 error=End of file
